-------------------------------------------------------------------------------
Test set: mastermind.app.dao.GameDaoImplTest
-------------------------------------------------------------------------------
Tests run: 5, Failures: 1, Errors: 0, Skipped: 0, Time elapsed: 9.106 s <<< FAILURE! - in mastermind.app.dao.GameDaoImplTest
testGetAllGames(mastermind.app.dao.GameDaoImplTest)  Time elapsed: 0.256 s  <<< FAILURE!
java.lang.AssertionError
	at mastermind.app.dao.GameDaoImplTest.testGetAllGames(GameDaoImplTest.java:120)

