-------------------------------------------------------------------------------
Test set: mastermind.app.dao.GuessDaoImplTest
-------------------------------------------------------------------------------
Tests run: 4, Failures: 0, Errors: 4, Skipped: 0, Time elapsed: 9.609 s <<< FAILURE! - in mastermind.app.dao.GuessDaoImplTest
testDeleteGuess(mastermind.app.dao.GuessDaoImplTest)  Time elapsed: 1.606 s  <<< ERROR!
org.springframework.dao.DataIntegrityViolationException: PreparedStatementCallback; SQL [INSERT INTO guess(GameId, GuessCombo, Result, GuessTime) VALUES(?,?,?,?)]; Cannot add or update a child row: a foreign key constraint fails (`mastermindtest`.`guess`, CONSTRAINT `guess_ibfk_1` FOREIGN KEY (`GameId`) REFERENCES `game` (`GameId`)); nested exception is java.sql.SQLIntegrityConstraintViolationException: Cannot add or update a child row: a foreign key constraint fails (`mastermindtest`.`guess`, CONSTRAINT `guess_ibfk_1` FOREIGN KEY (`GameId`) REFERENCES `game` (`GameId`))
	at mastermind.app.dao.GuessDaoImplTest.testDeleteGuess(GuessDaoImplTest.java:150)
Caused by: java.sql.SQLIntegrityConstraintViolationException: Cannot add or update a child row: a foreign key constraint fails (`mastermindtest`.`guess`, CONSTRAINT `guess_ibfk_1` FOREIGN KEY (`GameId`) REFERENCES `game` (`GameId`))
	at mastermind.app.dao.GuessDaoImplTest.testDeleteGuess(GuessDaoImplTest.java:150)

testGetGuess(mastermind.app.dao.GuessDaoImplTest)  Time elapsed: 0.192 s  <<< ERROR!
org.springframework.dao.DataIntegrityViolationException: PreparedStatementCallback; SQL [INSERT INTO guess(GameId, GuessCombo, Result, GuessTime) VALUES(?,?,?,?)]; Cannot add or update a child row: a foreign key constraint fails (`mastermindtest`.`guess`, CONSTRAINT `guess_ibfk_1` FOREIGN KEY (`GameId`) REFERENCES `game` (`GameId`)); nested exception is java.sql.SQLIntegrityConstraintViolationException: Cannot add or update a child row: a foreign key constraint fails (`mastermindtest`.`guess`, CONSTRAINT `guess_ibfk_1` FOREIGN KEY (`GameId`) REFERENCES `game` (`GameId`))
	at mastermind.app.dao.GuessDaoImplTest.testGetGuess(GuessDaoImplTest.java:102)
Caused by: java.sql.SQLIntegrityConstraintViolationException: Cannot add or update a child row: a foreign key constraint fails (`mastermindtest`.`guess`, CONSTRAINT `guess_ibfk_1` FOREIGN KEY (`GameId`) REFERENCES `game` (`GameId`))
	at mastermind.app.dao.GuessDaoImplTest.testGetGuess(GuessDaoImplTest.java:102)

testGetAllGuesses(mastermind.app.dao.GuessDaoImplTest)  Time elapsed: 0.195 s  <<< ERROR!
org.springframework.dao.DataIntegrityViolationException: PreparedStatementCallback; SQL [INSERT INTO guess(GameId, GuessCombo, Result, GuessTime) VALUES(?,?,?,?)]; Cannot add or update a child row: a foreign key constraint fails (`mastermindtest`.`guess`, CONSTRAINT `guess_ibfk_1` FOREIGN KEY (`GameId`) REFERENCES `game` (`GameId`)); nested exception is java.sql.SQLIntegrityConstraintViolationException: Cannot add or update a child row: a foreign key constraint fails (`mastermindtest`.`guess`, CONSTRAINT `guess_ibfk_1` FOREIGN KEY (`GameId`) REFERENCES `game` (`GameId`))
	at mastermind.app.dao.GuessDaoImplTest.testGetAllGuesses(GuessDaoImplTest.java:124)
Caused by: java.sql.SQLIntegrityConstraintViolationException: Cannot add or update a child row: a foreign key constraint fails (`mastermindtest`.`guess`, CONSTRAINT `guess_ibfk_1` FOREIGN KEY (`GameId`) REFERENCES `game` (`GameId`))
	at mastermind.app.dao.GuessDaoImplTest.testGetAllGuesses(GuessDaoImplTest.java:124)

testAddGuess(mastermind.app.dao.GuessDaoImplTest)  Time elapsed: 0.22 s  <<< ERROR!
org.springframework.dao.DataIntegrityViolationException: PreparedStatementCallback; SQL [INSERT INTO guess(GameId, GuessCombo, Result, GuessTime) VALUES(?,?,?,?)]; Cannot add or update a child row: a foreign key constraint fails (`mastermindtest`.`guess`, CONSTRAINT `guess_ibfk_1` FOREIGN KEY (`GameId`) REFERENCES `game` (`GameId`)); nested exception is java.sql.SQLIntegrityConstraintViolationException: Cannot add or update a child row: a foreign key constraint fails (`mastermindtest`.`guess`, CONSTRAINT `guess_ibfk_1` FOREIGN KEY (`GameId`) REFERENCES `game` (`GameId`))
	at mastermind.app.dao.GuessDaoImplTest.testAddGuess(GuessDaoImplTest.java:80)
Caused by: java.sql.SQLIntegrityConstraintViolationException: Cannot add or update a child row: a foreign key constraint fails (`mastermindtest`.`guess`, CONSTRAINT `guess_ibfk_1` FOREIGN KEY (`GameId`) REFERENCES `game` (`GameId`))
	at mastermind.app.dao.GuessDaoImplTest.testAddGuess(GuessDaoImplTest.java:80)

