<?xml version="1.0" encoding="UTF-8"?>
<testsuite xmlns:xsi="http://www.w3.org/2001/XMLSchema-instance" xsi:noNamespaceSchemaLocation="https://maven.apache.org/surefire/maven-surefire-plugin/xsd/surefire-test-report.xsd" name="mastermind.app.dao.GuessDaoImplTest" time="9.609" tests="4" errors="4" skipped="0" failures="0">
  <properties>
[...]
</properties>
  <testcase name="testDeleteGuess" classname="mastermind.app.dao.GuessDaoImplTest" time="1.606">
    <error message="PreparedStatementCallback; SQL [INSERT INTO guess(GameId, GuessCombo, Result, GuessTime) VALUES(?,?,?,?)]; Cannot add or update a child row: a foreign key constraint fails (`mastermindtest`.`guess`, CONSTRAINT `guess_ibfk_1` FOREIGN KEY (`GameId`) REFERENCES `game` (`GameId`)); nested exception is java.sql.SQLIntegrityConstraintViolationException: Cannot add or update a child row: a foreign key constraint fails (`mastermindtest`.`guess`, CONSTRAINT `guess_ibfk_1` FOREIGN KEY (`GameId`) REFERENCES `game` (`GameId`))" type="org.springframework.dao.DataIntegrityViolationException">org.springframework.dao.DataIntegrityViolationException: PreparedStatementCallback; SQL [INSERT INTO guess(GameId, GuessCombo, Result, GuessTime) VALUES(?,?,?,?)]; Cannot add or update a child row: a foreign key constraint fails (`mastermindtest`.`guess`, CONSTRAINT `guess_ibfk_1` FOREIGN KEY (`GameId`) REFERENCES `game` (`GameId`)); nested exception is java.sql.SQLIntegrityConstraintViolationException: Cannot add or update a child row: a foreign key constraint fails (`mastermindtest`.`guess`, CONSTRAINT `guess_ibfk_1` FOREIGN KEY (`GameId`) REFERENCES `game` (`GameId`))
	at mastermind.app.dao.GuessDaoImplTest.testDeleteGuess(GuessDaoImplTest.java:150)
Caused by: java.sql.SQLIntegrityConstraintViolationException: Cannot add or update a child row: a foreign key constraint fails (`mastermindtest`.`guess`, CONSTRAINT `guess_ibfk_1` FOREIGN KEY (`GameId`) REFERENCES `game` (`GameId`))
	at mastermind.app.dao.GuessDaoImplTest.testDeleteGuess(GuessDaoImplTest.java:150)
</error>
    <system-out><![CDATA[21:27:29.222 [main] DEBUG org.springframework.test.context.junit4.SpringJUnit4ClassRunner - SpringJUnit4ClassRunner constructor called with [class mastermind.app.dao.GuessDaoImplTest]
21:27:29.231 [main] DEBUG org.springframework.test.context.BootstrapUtils - Instantiating CacheAwareContextLoaderDelegate from class [org.springframework.test.context.cache.DefaultCacheAwareContextLoaderDelegate]
21:27:29.254 [main] DEBUG org.springframework.test.context.BootstrapUtils - Instantiating BootstrapContext using constructor [public org.springframework.test.context.support.DefaultBootstrapContext(java.lang.Class,org.springframework.test.context.CacheAwareContextLoaderDelegate)]
21:27:29.301 [main] DEBUG org.springframework.test.context.BootstrapUtils - Instantiating TestContextBootstrapper for test class [mastermind.app.dao.GuessDaoImplTest] from class [org.springframework.boot.test.context.SpringBootTestContextBootstrapper]
21:27:29.340 [main] INFO org.springframework.boot.test.context.SpringBootTestContextBootstrapper - Neither @ContextConfiguration nor @ContextHierarchy found for test class [mastermind.app.dao.GuessDaoImplTest], using SpringBootContextLoader
21:27:29.348 [main] DEBUG org.springframework.test.context.support.AbstractContextLoader - Did not detect default resource location for test class [mastermind.app.dao.GuessDaoImplTest]: class path resource [mastermind/app/dao/GuessDaoImplTest-context.xml] does not exist
21:27:29.349 [main] DEBUG org.springframework.test.context.support.AbstractContextLoader - Did not detect default resource location for test class [mastermind.app.dao.GuessDaoImplTest]: class path resource [mastermind/app/dao/GuessDaoImplTestContext.groovy] does not exist
21:27:29.349 [main] INFO org.springframework.test.context.support.AbstractContextLoader - Could not detect default resource locations for test class [mastermind.app.dao.GuessDaoImplTest]: no resource found for suffixes {-context.xml, Context.groovy}.
21:27:29.470 [main] DEBUG org.springframework.test.context.support.ActiveProfilesUtils - Could not find an 'annotation declaring class' for annotation type [org.springframework.test.context.ActiveProfiles] and class [mastermind.app.dao.GuessDaoImplTest]
21:27:29.678 [main] DEBUG org.springframework.boot.test.context.SpringBootTestContextBootstrapper - @TestExecutionListeners is not present for class [mastermind.app.dao.GuessDaoImplTest]: using defaults.
21:27:29.680 [main] INFO org.springframework.boot.test.context.SpringBootTestContextBootstrapper - Loaded default TestExecutionListener class names from location [META-INF/spring.factories]: [org.springframework.boot.test.mock.mockito.MockitoTestExecutionListener, org.springframework.boot.test.mock.mockito.ResetMocksTestExecutionListener, org.springframework.boot.test.autoconfigure.restdocs.RestDocsTestExecutionListener, org.springframework.boot.test.autoconfigure.web.client.MockRestServiceServerResetTestExecutionListener, org.springframework.boot.test.autoconfigure.web.servlet.MockMvcPrintOnlyOnFailureTestExecutionListener, org.springframework.boot.test.autoconfigure.web.servlet.WebDriverTestExecutionListener, org.springframework.test.context.web.ServletTestExecutionListener, org.springframework.test.context.support.DirtiesContextBeforeModesTestExecutionListener, org.springframework.test.context.support.DependencyInjectionTestExecutionListener, org.springframework.test.context.support.DirtiesContextTestExecutionListener, org.springframework.test.context.transaction.TransactionalTestExecutionListener, org.springframework.test.context.jdbc.SqlScriptsTestExecutionListener]
21:27:29.725 [main] INFO org.springframework.boot.test.context.SpringBootTestContextBootstrapper - Using TestExecutionListeners: [org.springframework.test.context.web.ServletTestExecutionListener@55634720, org.springframework.test.context.support.DirtiesContextBeforeModesTestExecutionListener@4b0d79fc, org.springframework.boot.test.mock.mockito.MockitoTestExecutionListener@4c1909a3, org.springframework.boot.test.autoconfigure.SpringBootDependencyInjectionTestExecutionListener@428640fa, org.springframework.test.context.support.DirtiesContextTestExecutionListener@d9345cd, org.springframework.test.context.transaction.TransactionalTestExecutionListener@2d710f1a, org.springframework.test.context.jdbc.SqlScriptsTestExecutionListener@29215f06, org.springframework.boot.test.mock.mockito.ResetMocksTestExecutionListener@59505b48, org.springframework.boot.test.autoconfigure.restdocs.RestDocsTestExecutionListener@4efac082, org.springframework.boot.test.autoconfigure.web.client.MockRestServiceServerResetTestExecutionListener@6bd61f98, org.springframework.boot.test.autoconfigure.web.servlet.MockMvcPrintOnlyOnFailureTestExecutionListener@48aca48b, org.springframework.boot.test.autoconfigure.web.servlet.WebDriverTestExecutionListener@13fd2ccd]
21:27:29.729 [main] DEBUG org.springframework.test.annotation.ProfileValueUtils - Retrieved @ProfileValueSourceConfiguration [null] for test class [mastermind.app.dao.GuessDaoImplTest]
21:27:29.730 [main] DEBUG org.springframework.test.annotation.ProfileValueUtils - Retrieved ProfileValueSource type [class org.springframework.test.annotation.SystemProfileValueSource] for class [mastermind.app.dao.GuessDaoImplTest]
21:27:29.733 [main] DEBUG org.springframework.test.annotation.ProfileValueUtils - Retrieved @ProfileValueSourceConfiguration [null] for test class [mastermind.app.dao.GuessDaoImplTest]
21:27:29.734 [main] DEBUG org.springframework.test.annotation.ProfileValueUtils - Retrieved ProfileValueSource type [class org.springframework.test.annotation.SystemProfileValueSource] for class [mastermind.app.dao.GuessDaoImplTest]
21:27:29.735 [main] DEBUG org.springframework.test.annotation.ProfileValueUtils - Retrieved @ProfileValueSourceConfiguration [null] for test class [mastermind.app.dao.GuessDaoImplTest]
21:27:29.736 [main] DEBUG org.springframework.test.annotation.ProfileValueUtils - Retrieved ProfileValueSource type [class org.springframework.test.annotation.SystemProfileValueSource] for class [mastermind.app.dao.GuessDaoImplTest]
21:27:29.746 [main] DEBUG org.springframework.test.context.support.AbstractDirtiesContextTestExecutionListener - Before test class: context [DefaultTestContext@41a0aa7d testClass = GuessDaoImplTest, testInstance = [null], testMethod = [null], testException = [null], mergedContextConfiguration = [WebMergedContextConfiguration@2794eab6 testClass = GuessDaoImplTest, locations = '{}', classes = '{class mastermind.app.TestApplicationConfiguration, class mastermind.app.TestApplicationConfiguration}', contextInitializerClasses = '[]', activeProfiles = '{}', propertySourceLocations = '{}', propertySourceProperties = '{org.springframework.boot.test.context.SpringBootTestContextBootstrapper=true}', contextCustomizers = set[org.springframework.boot.test.context.filter.ExcludeFilterContextCustomizer@3daa422a, org.springframework.boot.test.json.DuplicateJsonObjectContextCustomizerFactory$DuplicateJsonObjectContextCustomizer@27ce24aa, org.springframework.boot.test.mock.mockito.MockitoContextCustomizer@0, org.springframework.boot.test.web.client.TestRestTemplateContextCustomizer@3835c46, org.springframework.boot.test.autoconfigure.properties.PropertyMappingContextCustomizer@0, org.springframework.boot.test.autoconfigure.web.servlet.WebDriverContextCustomizerFactory$Customizer@5fdcaa40], resourceBasePath = 'src/main/webapp', contextLoader = 'org.springframework.boot.test.context.SpringBootContextLoader', parent = [null]], attributes = map['org.springframework.test.context.web.ServletTestExecutionListener.activateListener' -> true]], class annotated with @DirtiesContext [false] with mode [null].
21:27:29.749 [main] DEBUG org.springframework.test.annotation.ProfileValueUtils - Retrieved @ProfileValueSourceConfiguration [null] for test class [mastermind.app.dao.GuessDaoImplTest]
21:27:29.749 [main] DEBUG org.springframework.test.annotation.ProfileValueUtils - Retrieved ProfileValueSource type [class org.springframework.test.annotation.SystemProfileValueSource] for class [mastermind.app.dao.GuessDaoImplTest]
21:27:29.801 [main] DEBUG org.springframework.test.context.support.TestPropertySourceUtils - Adding inlined properties to environment: {spring.jmx.enabled=false, org.springframework.boot.test.context.SpringBootTestContextBootstrapper=true, server.port=-1}

  .   ____          _            __ _ _
 /\\ / ___'_ __ _ _(_)_ __  __ _ \ \ \ \
( ( )\___ | '_ | '_| | '_ \/ _` | \ \ \ \
 \\/  ___)| |_)| | | | | || (_| |  ) ) ) )
  '  |____| .__|_| |_|_| |_\__, | / / / /
 =========|_|==============|___/=/_/_/_/
 :: Spring Boot ::        (v2.1.0.RELEASE)

]]></system-out>
  </testcase>
  <testcase name="testGetGuess" classname="mastermind.app.dao.GuessDaoImplTest" time="0.192">
    <error message="PreparedStatementCallback; SQL [INSERT INTO guess(GameId, GuessCombo, Result, GuessTime) VALUES(?,?,?,?)]; Cannot add or update a child row: a foreign key constraint fails (`mastermindtest`.`guess`, CONSTRAINT `guess_ibfk_1` FOREIGN KEY (`GameId`) REFERENCES `game` (`GameId`)); nested exception is java.sql.SQLIntegrityConstraintViolationException: Cannot add or update a child row: a foreign key constraint fails (`mastermindtest`.`guess`, CONSTRAINT `guess_ibfk_1` FOREIGN KEY (`GameId`) REFERENCES `game` (`GameId`))" type="org.springframework.dao.DataIntegrityViolationException">org.springframework.dao.DataIntegrityViolationException: PreparedStatementCallback; SQL [INSERT INTO guess(GameId, GuessCombo, Result, GuessTime) VALUES(?,?,?,?)]; Cannot add or update a child row: a foreign key constraint fails (`mastermindtest`.`guess`, CONSTRAINT `guess_ibfk_1` FOREIGN KEY (`GameId`) REFERENCES `game` (`GameId`)); nested exception is java.sql.SQLIntegrityConstraintViolationException: Cannot add or update a child row: a foreign key constraint fails (`mastermindtest`.`guess`, CONSTRAINT `guess_ibfk_1` FOREIGN KEY (`GameId`) REFERENCES `game` (`GameId`))
	at mastermind.app.dao.GuessDaoImplTest.testGetGuess(GuessDaoImplTest.java:102)
Caused by: java.sql.SQLIntegrityConstraintViolationException: Cannot add or update a child row: a foreign key constraint fails (`mastermindtest`.`guess`, CONSTRAINT `guess_ibfk_1` FOREIGN KEY (`GameId`) REFERENCES `game` (`GameId`))
	at mastermind.app.dao.GuessDaoImplTest.testGetGuess(GuessDaoImplTest.java:102)
</error>
  </testcase>
  <testcase name="testGetAllGuesses" classname="mastermind.app.dao.GuessDaoImplTest" time="0.195">
    <error message="PreparedStatementCallback; SQL [INSERT INTO guess(GameId, GuessCombo, Result, GuessTime) VALUES(?,?,?,?)]; Cannot add or update a child row: a foreign key constraint fails (`mastermindtest`.`guess`, CONSTRAINT `guess_ibfk_1` FOREIGN KEY (`GameId`) REFERENCES `game` (`GameId`)); nested exception is java.sql.SQLIntegrityConstraintViolationException: Cannot add or update a child row: a foreign key constraint fails (`mastermindtest`.`guess`, CONSTRAINT `guess_ibfk_1` FOREIGN KEY (`GameId`) REFERENCES `game` (`GameId`))" type="org.springframework.dao.DataIntegrityViolationException">org.springframework.dao.DataIntegrityViolationException: PreparedStatementCallback; SQL [INSERT INTO guess(GameId, GuessCombo, Result, GuessTime) VALUES(?,?,?,?)]; Cannot add or update a child row: a foreign key constraint fails (`mastermindtest`.`guess`, CONSTRAINT `guess_ibfk_1` FOREIGN KEY (`GameId`) REFERENCES `game` (`GameId`)); nested exception is java.sql.SQLIntegrityConstraintViolationException: Cannot add or update a child row: a foreign key constraint fails (`mastermindtest`.`guess`, CONSTRAINT `guess_ibfk_1` FOREIGN KEY (`GameId`) REFERENCES `game` (`GameId`))
	at mastermind.app.dao.GuessDaoImplTest.testGetAllGuesses(GuessDaoImplTest.java:124)
Caused by: java.sql.SQLIntegrityConstraintViolationException: Cannot add or update a child row: a foreign key constraint fails (`mastermindtest`.`guess`, CONSTRAINT `guess_ibfk_1` FOREIGN KEY (`GameId`) REFERENCES `game` (`GameId`))
	at mastermind.app.dao.GuessDaoImplTest.testGetAllGuesses(GuessDaoImplTest.java:124)
</error>
  </testcase>
  <testcase name="testAddGuess" classname="mastermind.app.dao.GuessDaoImplTest" time="0.22">
    <error message="PreparedStatementCallback; SQL [INSERT INTO guess(GameId, GuessCombo, Result, GuessTime) VALUES(?,?,?,?)]; Cannot add or update a child row: a foreign key constraint fails (`mastermindtest`.`guess`, CONSTRAINT `guess_ibfk_1` FOREIGN KEY (`GameId`) REFERENCES `game` (`GameId`)); nested exception is java.sql.SQLIntegrityConstraintViolationException: Cannot add or update a child row: a foreign key constraint fails (`mastermindtest`.`guess`, CONSTRAINT `guess_ibfk_1` FOREIGN KEY (`GameId`) REFERENCES `game` (`GameId`))" type="org.springframework.dao.DataIntegrityViolationException">org.springframework.dao.DataIntegrityViolationException: PreparedStatementCallback; SQL [INSERT INTO guess(GameId, GuessCombo, Result, GuessTime) VALUES(?,?,?,?)]; Cannot add or update a child row: a foreign key constraint fails (`mastermindtest`.`guess`, CONSTRAINT `guess_ibfk_1` FOREIGN KEY (`GameId`) REFERENCES `game` (`GameId`)); nested exception is java.sql.SQLIntegrityConstraintViolationException: Cannot add or update a child row: a foreign key constraint fails (`mastermindtest`.`guess`, CONSTRAINT `guess_ibfk_1` FOREIGN KEY (`GameId`) REFERENCES `game` (`GameId`))
	at mastermind.app.dao.GuessDaoImplTest.testAddGuess(GuessDaoImplTest.java:80)
Caused by: java.sql.SQLIntegrityConstraintViolationException: Cannot add or update a child row: a foreign key constraint fails (`mastermindtest`.`guess`, CONSTRAINT `guess_ibfk_1` FOREIGN KEY (`GameId`) REFERENCES `game` (`GameId`))
	at mastermind.app.dao.GuessDaoImplTest.testAddGuess(GuessDaoImplTest.java:80)
</error>
  </testcase>
</testsuite>